<?xml version="1.0" encoding="UTF-8"?>
<robot generator="Robot 5.0.1 (Python 3.10.5 on win32)" generated="20221122 23:23:46.665" rpa="false" schemaversion="3">
<suite id="s1" name="TestAddproject" source="c:\xampp\htdocs\automateTestTeam0\ProjectManager\tets_addproject\TestAddproject.robot">
<test id="s1-t1" name="Add Project Failed Not Completed Gmail" line="248">
<kw name="Open file Excel">
<kw name="Open Excel" library="ExcelRobot">
<arg>c:\\xampp\\htdocs\\automateTestTeam0\\ProjectManager\\tets_addproject\\test_data.xlsx</arg>
<doc>Opens the Excel file to read from the path provided in the file path parameter.</doc>
<msg timestamp="20221122 23:23:49.351" level="INFO">Opening file at c:\xampp\htdocs\automateTestTeam0\ProjectManager\tets_addproject\test_data.xlsx</msg>
<status status="PASS" starttime="20221122 23:23:49.350" endtime="20221122 23:23:49.380"/>
</kw>
<status status="PASS" starttime="20221122 23:23:49.348" endtime="20221122 23:23:49.381"/>
</kw>
<kw name="Read Cell Data" library="ExcelRobot">
<var>${Username}</var>
<arg>Project Manager</arg>
<arg>0</arg>
<arg>1</arg>
<doc>Uses the column and row to return the data from that cell.</doc>
<msg timestamp="20221122 23:23:49.386" level="INFO">${Username} = sunisa.su@gmail.com	</msg>
<status status="PASS" starttime="20221122 23:23:49.384" endtime="20221122 23:23:49.386"/>
</kw>
<kw name="Read Cell Data" library="ExcelRobot">
<var>${Password}</var>
<arg>Project Manager</arg>
<arg>1</arg>
<arg>1</arg>
<doc>Uses the column and row to return the data from that cell.</doc>
<msg timestamp="20221122 23:23:49.391" level="INFO">${Password} = sunisa.s</msg>
<status status="PASS" starttime="20221122 23:23:49.389" endtime="20221122 23:23:49.391"/>
</kw>
<kw name="Open Project Monitoring System">
<kw name="Open Browser" library="SeleniumLibrary">
<arg>${URL}</arg>
<arg>${BROWSER}</arg>
<doc>Opens a new browser instance to the optional ``url``.</doc>
<msg timestamp="20221122 23:23:49.401" level="INFO">Opening browser 'Google Chrome' to base url 'http://dekdee2.informatics.buu.ac.th:9080/team0/'.</msg>
<status status="PASS" starttime="20221122 23:23:49.400" endtime="20221122 23:24:07.897"/>
</kw>
<kw name="Maximize Browser Window" library="SeleniumLibrary">
<doc>Maximizes current browser window.</doc>
<status status="PASS" starttime="20221122 23:24:07.910" endtime="20221122 23:24:08.305"/>
</kw>
<status status="PASS" starttime="20221122 23:23:49.398" endtime="20221122 23:24:08.306"/>
</kw>
<kw name="Click Menu Login">
<kw name="Sleep" library="BuiltIn">
<arg>2s</arg>
<doc>Pauses the test executed for the given time.</doc>
<msg timestamp="20221122 23:24:10.336" level="INFO">Slept 2 seconds</msg>
<status status="PASS" starttime="20221122 23:24:08.317" endtime="20221122 23:24:10.357"/>
</kw>
<kw name="Click Element" library="SeleniumLibrary">
<arg>//*[@id="main-wrapper"]/header/nav/div[2]/ul[2]/li/a</arg>
<doc>Click the element identified by ``locator``.</doc>
<msg timestamp="20221122 23:24:10.390" level="INFO">Clicking element '//*[@id="main-wrapper"]/header/nav/div[2]/ul[2]/li/a'.</msg>
<status status="PASS" starttime="20221122 23:24:10.360" endtime="20221122 23:24:14.091"/>
</kw>
<status status="PASS" starttime="20221122 23:24:08.315" endtime="20221122 23:24:14.093"/>
</kw>
<kw name="Sleep" library="BuiltIn">
<arg>1s</arg>
<doc>Pauses the test executed for the given time.</doc>
<msg timestamp="20221122 23:24:15.156" level="INFO">Slept 1 second</msg>
<status status="PASS" starttime="20221122 23:24:14.149" endtime="20221122 23:24:15.157"/>
</kw>
<kw name="Input Text" library="SeleniumLibrary">
<arg>id:u_email</arg>
<arg>${Username}</arg>
<doc>Types the given ``text`` into the text field identified by ``locator``.</doc>
<msg timestamp="20221122 23:24:15.167" level="INFO">Typing text 'sunisa.su@gmail.com	' into text field 'id:u_email'.</msg>
<status status="PASS" starttime="20221122 23:24:15.164" endtime="20221122 23:24:15.685"/>
</kw>
<kw name="Sleep" library="BuiltIn">
<arg>1s</arg>
<doc>Pauses the test executed for the given time.</doc>
<msg timestamp="20221122 23:24:16.696" level="INFO">Slept 1 second</msg>
<status status="PASS" starttime="20221122 23:24:15.686" endtime="20221122 23:24:16.697"/>
</kw>
<kw name="Input Text" library="SeleniumLibrary">
<arg>id:u_password</arg>
<arg>${Password}</arg>
<doc>Types the given ``text`` into the text field identified by ``locator``.</doc>
<msg timestamp="20221122 23:24:16.702" level="INFO">Typing text 'sunisa.s' into text field 'id:u_password'.</msg>
<status status="PASS" starttime="20221122 23:24:16.700" endtime="20221122 23:24:16.923"/>
</kw>
<kw name="Click to Login">
<kw name="Sleep" library="BuiltIn">
<arg>2s</arg>
<doc>Pauses the test executed for the given time.</doc>
<msg timestamp="20221122 23:24:18.941" level="INFO">Slept 2 seconds</msg>
<status status="PASS" starttime="20221122 23:24:16.925" endtime="20221122 23:24:18.941"/>
</kw>
<kw name="Click Element" library="SeleniumLibrary">
<arg>//*[@id="loginBtn"]</arg>
<doc>Click the element identified by ``locator``.</doc>
<msg timestamp="20221122 23:24:18.943" level="INFO">Clicking element '//*[@id="loginBtn"]'.</msg>
<status status="PASS" starttime="20221122 23:24:18.942" endtime="20221122 23:24:21.968"/>
</kw>
<status status="PASS" starttime="20221122 23:24:16.924" endtime="20221122 23:24:21.969"/>
</kw>
<kw name="Click Sidebar Icon">
<kw name="Sleep" library="BuiltIn">
<arg>2s</arg>
<doc>Pauses the test executed for the given time.</doc>
<msg timestamp="20221122 23:24:23.992" level="INFO">Slept 2 seconds</msg>
<status status="PASS" starttime="20221122 23:24:21.980" endtime="20221122 23:24:23.993"/>
</kw>
<kw name="Click Element" library="SeleniumLibrary">
<arg>//*[@id="sidebarnav"]/li[2]/a</arg>
<doc>Click the element identified by ``locator``.</doc>
<msg timestamp="20221122 23:24:24.127" level="INFO">Clicking element '//*[@id="sidebarnav"]/li[2]/a'.</msg>
<status status="PASS" starttime="20221122 23:24:23.993" endtime="20221122 23:24:27.453"/>
</kw>
<status status="PASS" starttime="20221122 23:24:21.977" endtime="20221122 23:24:27.454"/>
</kw>
<kw name="Click Add Project">
<kw name="Sleep" library="BuiltIn">
<arg>2s</arg>
<doc>Pauses the test executed for the given time.</doc>
<msg timestamp="20221122 23:24:29.506" level="INFO">Slept 2 seconds</msg>
<status status="PASS" starttime="20221122 23:24:27.473" endtime="20221122 23:24:29.508"/>
</kw>
<kw name="Click Element" library="SeleniumLibrary">
<arg>//*[@id="addBtn"]</arg>
<doc>Click the element identified by ``locator``.</doc>
<msg timestamp="20221122 23:24:29.514" level="INFO">Clicking element '//*[@id="addBtn"]'.</msg>
<status status="PASS" starttime="20221122 23:24:29.510" endtime="20221122 23:24:29.938"/>
</kw>
<status status="PASS" starttime="20221122 23:24:27.471" endtime="20221122 23:24:29.939"/>
</kw>
<kw name="Click Name Project">
<kw name="Sleep" library="BuiltIn">
<arg>2s</arg>
<doc>Pauses the test executed for the given time.</doc>
<msg timestamp="20221122 23:24:31.953" level="INFO">Slept 2 seconds</msg>
<status status="PASS" starttime="20221122 23:24:29.945" endtime="20221122 23:24:31.954"/>
</kw>
<kw name="Input Text" library="SeleniumLibrary">
<arg>//*[@id="p_name"]</arg>
<arg>บุญเติม</arg>
<doc>Types the given ``text`` into the text field identified by ``locator``.</doc>
<msg timestamp="20221122 23:24:31.957" level="INFO">Typing text 'บุญเติม' into text field '//*[@id="p_name"]'.</msg>
<status status="PASS" starttime="20221122 23:24:31.955" endtime="20221122 23:24:32.182"/>
</kw>
<status status="PASS" starttime="20221122 23:24:29.941" endtime="20221122 23:24:32.183"/>
</kw>
<kw name="Click Detail Project">
<kw name="Sleep" library="BuiltIn">
<arg>2s</arg>
<doc>Pauses the test executed for the given time.</doc>
<msg timestamp="20221122 23:24:34.207" level="INFO">Slept 2 seconds</msg>
<status status="PASS" starttime="20221122 23:24:32.202" endtime="20221122 23:24:34.208"/>
</kw>
<kw name="Input Text" library="SeleniumLibrary">
<arg>//*[@id="p_detail"]</arg>
<arg>ดำเนินธุรกิจเป็นผู้ให้บริการเติมเงินโทรศัพท์มือถือประเภทเติมเงินล่วงหน้า</arg>
<doc>Types the given ``text`` into the text field identified by ``locator``.</doc>
<msg timestamp="20221122 23:24:34.219" level="INFO">Typing text 'ดำเนินธุรกิจเป็นผู้ให้บริการเติมเงินโทรศัพท์มือถือประเภทเติมเงินล่วงหน้า' into text field '//*[@id="p_detail"]'.</msg>
<status status="PASS" starttime="20221122 23:24:34.209" endtime="20221122 23:24:35.370"/>
</kw>
<status status="PASS" starttime="20221122 23:24:32.201" endtime="20221122 23:24:35.371"/>
</kw>
<kw name="Click Customer Name">
<kw name="Sleep" library="BuiltIn">
<arg>2s</arg>
<doc>Pauses the test executed for the given time.</doc>
<msg timestamp="20221122 23:24:37.471" level="INFO">Slept 2 seconds</msg>
<status status="PASS" starttime="20221122 23:24:35.434" endtime="20221122 23:24:37.473"/>
</kw>
<kw name="Input Text" library="SeleniumLibrary">
<arg>//*[@id="p_customer"]</arg>
<arg>สิรนัน โตนอง</arg>
<doc>Types the given ``text`` into the text field identified by ``locator``.</doc>
<msg timestamp="20221122 23:24:37.479" level="INFO">Typing text 'สิรนัน โตนอง' into text field '//*[@id="p_customer"]'.</msg>
<status status="PASS" starttime="20221122 23:24:37.477" endtime="20221122 23:24:39.737"/>
</kw>
<status status="PASS" starttime="20221122 23:24:35.426" endtime="20221122 23:24:39.738"/>
</kw>
<kw name="Click Date">
<kw name="Sleep" library="BuiltIn">
<arg>2s</arg>
<doc>Pauses the test executed for the given time.</doc>
<msg timestamp="20221122 23:24:42.056" level="INFO">Slept 2 seconds</msg>
<status status="PASS" starttime="20221122 23:24:40.046" endtime="20221122 23:24:42.781"/>
</kw>
<kw name="Input Text" library="SeleniumLibrary">
<arg>//*[@id="p_createdate"]</arg>
<arg>22-11-2022</arg>
<doc>Types the given ``text`` into the text field identified by ``locator``.</doc>
<msg timestamp="20221122 23:24:42.790" level="INFO">Typing text '22-11-2022' into text field '//*[@id="p_createdate"]'.</msg>
<status status="PASS" starttime="20221122 23:24:42.782" endtime="20221122 23:24:44.143"/>
</kw>
<status status="PASS" starttime="20221122 23:24:40.044" endtime="20221122 23:24:44.146"/>
</kw>
<kw name="Click TelNo">
<kw name="Sleep" library="BuiltIn">
<arg>2s</arg>
<doc>Pauses the test executed for the given time.</doc>
<msg timestamp="20221122 23:24:46.162" level="INFO">Slept 2 seconds</msg>
<status status="PASS" starttime="20221122 23:24:44.154" endtime="20221122 23:24:46.164"/>
</kw>
<kw name="Input Text" library="SeleniumLibrary">
<arg>//*[@id="p_telcontact"]</arg>
<arg>0943459985</arg>
<doc>Types the given ``text`` into the text field identified by ``locator``.</doc>
<msg timestamp="20221122 23:24:46.166" level="INFO">Typing text '0943459985' into text field '//*[@id="p_telcontact"]'.</msg>
<status status="PASS" starttime="20221122 23:24:46.166" endtime="20221122 23:24:47.179"/>
</kw>
<status status="PASS" starttime="20221122 23:24:44.153" endtime="20221122 23:24:47.181"/>
</kw>
<kw name="Click Line Customer">
<kw name="Sleep" library="BuiltIn">
<arg>2s</arg>
<doc>Pauses the test executed for the given time.</doc>
<msg timestamp="20221122 23:24:49.206" level="INFO">Slept 2 seconds</msg>
<status status="PASS" starttime="20221122 23:24:47.187" endtime="20221122 23:24:49.207"/>
</kw>
<kw name="Input Text" library="SeleniumLibrary">
<arg>//*[@id="p_linecontact"]</arg>
<arg>nun_qw11</arg>
<doc>Types the given ``text`` into the text field identified by ``locator``.</doc>
<msg timestamp="20221122 23:24:49.211" level="INFO">Typing text 'nun_qw11' into text field '//*[@id="p_linecontact"]'.</msg>
<status status="PASS" starttime="20221122 23:24:49.210" endtime="20221122 23:24:49.825"/>
</kw>
<status status="PASS" starttime="20221122 23:24:47.186" endtime="20221122 23:24:50.246"/>
</kw>
<kw name="Click Wrong Gmail Customer">
<kw name="Sleep" library="BuiltIn">
<arg>2s</arg>
<doc>Pauses the test executed for the given time.</doc>
<msg timestamp="20221122 23:24:52.526" level="INFO">Slept 2 seconds</msg>
<status status="PASS" starttime="20221122 23:24:50.516" endtime="20221122 23:24:52.527"/>
</kw>
<kw name="Input Text" library="SeleniumLibrary">
<arg>//*[@id="p_emailcontact"]</arg>
<arg>nun111</arg>
<doc>Types the given ``text`` into the text field identified by ``locator``.</doc>
<msg timestamp="20221122 23:24:52.530" level="INFO">Typing text 'nun111' into text field '//*[@id="p_emailcontact"]'.</msg>
<status status="PASS" starttime="20221122 23:24:52.528" endtime="20221122 23:24:52.785"/>
</kw>
<status status="PASS" starttime="20221122 23:24:50.515" endtime="20221122 23:24:52.786"/>
</kw>
<kw name="Click ect">
<kw name="Sleep" library="BuiltIn">
<arg>2s</arg>
<doc>Pauses the test executed for the given time.</doc>
<msg timestamp="20221122 23:24:54.800" level="INFO">Slept 2 seconds</msg>
<status status="PASS" starttime="20221122 23:24:52.791" endtime="20221122 23:24:54.800"/>
</kw>
<kw name="Input Text" library="SeleniumLibrary">
<arg>//*[@id="p_othercontact"]</arg>
<arg>บริการรับชำระเงินออนไลน์อื่นๆผ่านเครื่องรับชำระเงินอัตโนมัติ หรือ “ตู้บุญเติม”</arg>
<doc>Types the given ``text`` into the text field identified by ``locator``.</doc>
<msg timestamp="20221122 23:24:54.802" level="INFO">Typing text 'บริการรับชำระเงินออนไลน์อื่นๆผ่านเครื่องรับชำระเงินอัตโนมัติ หรือ “ตู้บุญเติม”' into text field '//*[@id="p_othercontact"]'.</msg>
<status status="PASS" starttime="20221122 23:24:54.801" endtime="20221122 23:24:55.469"/>
</kw>
<status status="PASS" starttime="20221122 23:24:52.789" endtime="20221122 23:24:55.470"/>
</kw>
<kw name="Click Confirm">
<kw name="Sleep" library="BuiltIn">
<arg>2s</arg>
<doc>Pauses the test executed for the given time.</doc>
<msg timestamp="20221122 23:24:57.475" level="INFO">Slept 2 seconds</msg>
<status status="PASS" starttime="20221122 23:24:55.471" endtime="20221122 23:24:57.478"/>
</kw>
<kw name="Click Element" library="SeleniumLibrary">
<arg>//*[@id="mainModalFooter"]/button[1]</arg>
<doc>Click the element identified by ``locator``.</doc>
<msg timestamp="20221122 23:24:57.481" level="INFO">Clicking element '//*[@id="mainModalFooter"]/button[1]'.</msg>
<status status="PASS" starttime="20221122 23:24:57.479" endtime="20221122 23:24:58.344"/>
</kw>
<status status="PASS" starttime="20221122 23:24:55.471" endtime="20221122 23:24:58.346"/>
</kw>
<kw name="Click Confirm Again">
<kw name="Sleep" library="BuiltIn">
<arg>2s</arg>
<doc>Pauses the test executed for the given time.</doc>
<msg timestamp="20221122 23:25:00.364" level="INFO">Slept 2 seconds</msg>
<status status="PASS" starttime="20221122 23:24:58.348" endtime="20221122 23:25:00.373"/>
</kw>
<kw name="Click Element" library="SeleniumLibrary">
<arg>//*[@class="swal2-confirm swal2-styled"]</arg>
<doc>Click the element identified by ``locator``.</doc>
<msg timestamp="20221122 23:25:00.386" level="INFO">Clicking element '//*[@class="swal2-confirm swal2-styled"]'.</msg>
<msg timestamp="20221122 23:25:00.432" level="WARN">Keyword 'Capture Page Screenshot' could not be run on failure: Message: no such window: target window already closed
from unknown error: web view not found
  (Session info: chrome=107.0.5304.107)
Stacktrace:
Backtrace:
	Ordinal0 [0x0112ACD3+2075859]
	Ordinal0 [0x010BEE61+1633889]
	Ordinal0 [0x00FBB7BD+571325]
	Ordinal0 [0x00FA2E1A+470554]
	Ordinal0 [0x0100AA0B+895499]
	Ordinal0 [0x0101AC96+961686]
	Ordinal0 [0x01007136+880950]
	Ordinal0 [0x00FDFEFD+720637]
	Ordinal0 [0x00FE0F3F+724799]
	GetHandleVerifier [0x013DEED2+2769538]
	GetHandleVerifier [0x013D0D95+2711877]
	GetHandleVerifier [0x011BA03A+521194]
	GetHandleVerifier [0x011B8DA0+516432]
	Ordinal0 [0x010C682C+1665068]
	Ordinal0 [0x010CB128+1683752]
	Ordinal0 [0x010CB215+1683989]
	Ordinal0 [0x010D6484+1729668]
	BaseThreadInitThunk [0x76F2FEF9+25]
	RtlGetAppContainerNamedObjectPath [0x77087BBE+286]
	RtlGetAppContainerNamedObjectPath [0x77087B8E+238]
</msg>
<msg timestamp="20221122 23:25:00.468" level="FAIL">NoSuchWindowException: Message: no such window: target window already closed
from unknown error: web view not found
  (Session info: chrome=107.0.5304.107)
Stacktrace:
Backtrace:
	Ordinal0 [0x0112ACD3+2075859]
	Ordinal0 [0x010BEE61+1633889]
	Ordinal0 [0x00FBB7BD+571325]
	Ordinal0 [0x00FA2E1A+470554]
	Ordinal0 [0x0100AA0B+895499]
	Ordinal0 [0x0101AC96+961686]
	Ordinal0 [0x01007136+880950]
	Ordinal0 [0x00FDFEFD+720637]
	Ordinal0 [0x00FE0F3F+724799]
	GetHandleVerifier [0x013DEED2+2769538]
	GetHandleVerifier [0x013D0D95+2711877]
	GetHandleVerifier [0x011BA03A+521194]
	GetHandleVerifier [0x011B8DA0+516432]
	Ordinal0 [0x010C682C+1665068]
	Ordinal0 [0x010CB128+1683752]
	Ordinal0 [0x010CB215+1683989]
	Ordinal0 [0x010D6484+1729668]
	BaseThreadInitThunk [0x76F2FEF9+25]
	RtlGetAppContainerNamedObjectPath [0x77087BBE+286]
	RtlGetAppContainerNamedObjectPath [0x77087B8E+238]
</msg>
<status status="FAIL" starttime="20221122 23:25:00.381" endtime="20221122 23:25:00.509"/>
</kw>
<status status="FAIL" starttime="20221122 23:24:58.347" endtime="20221122 23:25:00.515"/>
</kw>
<kw name="Close Browser Page">
<status status="NOT RUN" starttime="20221122 23:25:00.524" endtime="20221122 23:25:00.525"/>
</kw>
<status status="FAIL" starttime="20221122 23:23:49.305" endtime="20221122 23:25:00.533">NoSuchWindowException: Message: no such window: target window already closed
from unknown error: web view not found
  (Session info: chrome=107.0.5304.107)
Stacktrace:
Backtrace:
	Ordinal0 [0x0112ACD3+2075859]
	Ordinal0 [0x010BEE61+1633889]
	Ordinal0 [0x00FBB7BD+571325]
	Ordinal0 [0x00FA2E1A+470554]
	Ordinal0 [0x0100AA0B+895499]
	Ordinal0 [0x0101AC96+961686]
	Ordinal0 [0x01007136+880950]
	Ordinal0 [0x00FDFEFD+720637]
	Ordinal0 [0x00FE0F3F+724799]
	GetHandleVerifier [0x013DEED2+2769538]
	GetHandleVerifier [0x013D0D95+2711877]
	GetHandleVerifier [0x011BA03A+521194]
	GetHandleVerifier [0x011B8DA0+516432]
	Ordinal0 [0x010C682C+1665068]
	Ordinal0 [0x010CB128+1683752]
	Ordinal0 [0x010CB215+1683989]
	Ordinal0 [0x010D6484+1729668]
	BaseThreadInitThunk [0x76F2FEF9+25]
	RtlGetAppContainerNamedObjectPath [0x77087BBE+286]
	RtlGetAppContainerNamedObjectPath [0x77087B8E+238]
</status>
</test>
<status status="FAIL" starttime="20221122 23:23:46.689" endtime="20221122 23:25:00.560"/>
</suite>
<statistics>
<total>
<stat pass="0" fail="1" skip="0">All Tests</stat>
</total>
<tag>
</tag>
<suite>
<stat pass="0" fail="1" skip="0" id="s1" name="TestAddproject">TestAddproject</stat>
</suite>
</statistics>
<errors>
<msg timestamp="20221122 23:25:00.432" level="WARN">Keyword 'Capture Page Screenshot' could not be run on failure: Message: no such window: target window already closed
from unknown error: web view not found
  (Session info: chrome=107.0.5304.107)
Stacktrace:
Backtrace:
	Ordinal0 [0x0112ACD3+2075859]
	Ordinal0 [0x010BEE61+1633889]
	Ordinal0 [0x00FBB7BD+571325]
	Ordinal0 [0x00FA2E1A+470554]
	Ordinal0 [0x0100AA0B+895499]
	Ordinal0 [0x0101AC96+961686]
	Ordinal0 [0x01007136+880950]
	Ordinal0 [0x00FDFEFD+720637]
	Ordinal0 [0x00FE0F3F+724799]
	GetHandleVerifier [0x013DEED2+2769538]
	GetHandleVerifier [0x013D0D95+2711877]
	GetHandleVerifier [0x011BA03A+521194]
	GetHandleVerifier [0x011B8DA0+516432]
	Ordinal0 [0x010C682C+1665068]
	Ordinal0 [0x010CB128+1683752]
	Ordinal0 [0x010CB215+1683989]
	Ordinal0 [0x010D6484+1729668]
	BaseThreadInitThunk [0x76F2FEF9+25]
	RtlGetAppContainerNamedObjectPath [0x77087BBE+286]
	RtlGetAppContainerNamedObjectPath [0x77087B8E+238]
</msg>
</errors>
</robot>
